<?xml version="1.0" encoding="UTF-8"?>
<!-- Generated by org.testng.reporters.JUnitReportReporter -->
<testsuite hostname="Q2458" name="com.testngsample.FirstTestNgTest" tests="1" failures="0" timestamp="17 Jul 2016 06:30:00 GMT" time="0.004" errors="0">
  <testcase name="First" time="0.004" classname="com.testngsample.FirstTestNgTest"/>
</testsuite> <!-- com.testngsample.FirstTestNgTest -->
