<?xml version="1.0" encoding="UTF-8"?>
<!-- Generated by org.testng.reporters.JUnitReportReporter -->
<testsuite hostname="Q2458" name="com.testngsample.AfterTestBeforeTest" tests="1" failures="0" timestamp="17 Jul 2016 06:30:00 GMT" time="4.126" errors="0">
  <testcase name="Login" time="4.126" classname="com.testngsample.AfterTestBeforeTest"/>
</testsuite> <!-- com.testngsample.AfterTestBeforeTest -->
