<?xml version="1.0" encoding="UTF-8"?>
<!-- Generated by org.testng.reporters.JUnitReportReporter -->
<testsuite hostname="Q2458" name="com.testngsample.MultipleTest" tests="1" failures="0" timestamp="17 Jul 2016 06:30:00 GMT" time="0.006" errors="0">
  <testcase name="Facebook" time="0.006" classname="com.testngsample.MultipleTest"/>
</testsuite> <!-- com.testngsample.MultipleTest -->
