<?xml version="1.0" encoding="UTF-8"?>
<!-- Generated by org.testng.reporters.JUnitReportReporter -->
<testsuite hostname="Q2458" name="com.testngsample.AdminLoginTest" tests="1" failures="0" timestamp="17 Jul 2016 06:30:00 GMT" time="16.407" errors="0">
  <testcase name="Login" time="16.407" classname="com.testngsample.AdminLoginTest"/>
</testsuite> <!-- com.testngsample.AdminLoginTest -->
